<?xml version="1.0" encoding="UTF-8"?>
<testng-results skipped="0" failed="0" ignored="4" total="5" passed="1">
  <reporter-output>
  </reporter-output>
  <suite name="Default suite" duration-ms="36557" started-at="2022-11-24T05:43:11Z" finished-at="2022-11-24T05:43:48Z">
    <groups>
    </groups>
    <test name="Default test" duration-ms="36557" started-at="2022-11-24T05:43:11Z" finished-at="2022-11-24T05:43:48Z">
      <class name="com.training.tests.AccountTest">
        <test-method status="PASS" signature="beforeMethod()[pri:0, instance:com.training.tests.AccountTest@3e3047e6]" name="beforeMethod" is-config="true" duration-ms="2085" started-at="2022-11-24T05:43:11Z" finished-at="2022-11-24T05:43:13Z">
          <reporter-output>
          </reporter-output>
        </test-method> <!-- beforeMethod -->
        <test-method status="PASS" signature="createAccountReportTC14()[pri:0, instance:com.training.tests.AccountTest@3e3047e6]" name="createAccountReportTC14" duration-ms="18082" started-at="2022-11-24T05:43:13Z" finished-at="2022-11-24T05:43:31Z">
          <reporter-output>
          </reporter-output>
        </test-method> <!-- createAccountReportTC14 -->
        <test-method status="PASS" signature="teardown()[pri:0, instance:com.training.tests.AccountTest@3e3047e6]" name="teardown" is-config="true" duration-ms="16373" started-at="2022-11-24T05:43:31Z" finished-at="2022-11-24T05:43:48Z">
          <reporter-output>
          </reporter-output>
        </test-method> <!-- teardown -->
      </class> <!-- com.training.tests.AccountTest -->
    </test> <!-- Default test -->
  </suite> <!-- Default suite -->
</testng-results>
