<?xml version="1.0" encoding="UTF-8"?>
<!-- Generated by org.testng.reporters.JUnitXMLReporter -->
<testsuite hostname="DESKTOP-DNMNT65" ignored="4" name="Default test" tests="1" failures="0" timestamp="24 Nov 2022 05:43:48 GMT" time="36.557" errors="0">
  <testcase name="createAccountReportTC14" time="18.082" classname="com.training.tests.AccountTest"/>
  <testcase name="clickOnEditViewTC12" time="0.0" classname="com.training.tests.AccountTest">
    <ignored/>
  </testcase> <!-- clickOnEditViewTC12 -->
  <testcase name="CreateAnAccountTC10" time="0.0" classname="com.training.tests.AccountTest">
    <ignored/>
  </testcase> <!-- CreateAnAccountTC10 -->
  <testcase name="CreatNewViewAccountTC11" time="0.0" classname="com.training.tests.AccountTest">
    <ignored/>
  </testcase> <!-- CreatNewViewAccountTC11 -->
  <testcase name="mergeAccountsTC13" time="0.0" classname="com.training.tests.AccountTest">
    <ignored/>
  </testcase> <!-- mergeAccountsTC13 -->
</testsuite> <!-- Default test -->
